<?xml version="1.0" encoding="UTF-8"?>
<testng-results ignored="0" total="3" passed="3" failed="0" skipped="0">
  <reporter-output>
    <line>
      <![CDATA[PASS : ]]>
    </line>
    <line>
      <![CDATA[PASS : List Price is Equl to Display Price ]]>
    </line>
  </reporter-output>
  <suite started-at="2023-12-22T22:55:32 IST" name="Default suite" finished-at="2023-12-22T22:57:54 IST" duration-ms="141230">
    <groups>
    </groups>
    <test started-at="2023-12-22T22:55:32 IST" name="Default test" finished-at="2023-12-22T22:57:54 IST" duration-ms="141230">
      <class name="com.ecommerce.test.VerifyErrorMessagePageTest">
        <test-method is-config="true" signature="openApplication()[pri:0, instance:com.ecommerce.test.VerifyErrorMessagePageTest@4218d6a3]" started-at="2023-12-22T22:55:33 IST" name="openApplication" finished-at="2023-12-22T22:56:21 IST" duration-ms="48904" status="PASS">
          <reporter-output>
          </reporter-output>
        </test-method> <!-- openApplication -->
        <test-method signature="testVerifyMessagePage()[pri:3, instance:com.ecommerce.test.VerifyErrorMessagePageTest@4218d6a3]" started-at="2023-12-22T22:56:21 IST" name="testVerifyMessagePage" finished-at="2023-12-22T22:56:52 IST" duration-ms="30602" status="PASS">
          <reporter-output>
            <line>
              <![CDATA[PASS : ]]>
            </line>
          </reporter-output>
        </test-method> <!-- testVerifyMessagePage -->
        <test-method is-config="true" signature="closeApplication(org.testng.ITestResult)[pri:0, instance:com.ecommerce.test.VerifyErrorMessagePageTest@4218d6a3]" started-at="2023-12-22T22:56:52 IST" name="closeApplication" finished-at="2023-12-22T22:57:00 IST" duration-ms="7479" status="PASS">
          <params>
            <param index="0">
              <value>
                <![CDATA[[TestResult name=testVerifyMessagePage status=SUCCESS method=VerifyErrorMessagePageTest.testVerifyMessagePage()[pri:3, instance:com.ecommerce.test.VerifyErrorMessagePageTest@4218d6a3] output=PASS : ]]]>
              </value>
            </param>
          </params>
          <reporter-output>
          </reporter-output>
        </test-method> <!-- closeApplication -->
      </class> <!-- com.ecommerce.test.VerifyErrorMessagePageTest -->
      <class name="com.ecommerce.test.HomePageTest">
        <test-method is-config="true" signature="openApplication()[pri:0, instance:com.ecommerce.test.HomePageTest@3c41ed1d]" started-at="2023-12-22T22:57:30 IST" name="openApplication" finished-at="2023-12-22T22:57:46 IST" duration-ms="16585" status="PASS">
          <reporter-output>
          </reporter-output>
        </test-method> <!-- openApplication -->
        <test-method signature="testHomePage()[pri:1, instance:com.ecommerce.test.HomePageTest@3c41ed1d]" started-at="2023-12-22T22:57:46 IST" name="testHomePage" finished-at="2023-12-22T22:57:50 IST" duration-ms="3630" status="PASS">
          <reporter-output>
          </reporter-output>
        </test-method> <!-- testHomePage -->
        <test-method is-config="true" signature="closeApplication(org.testng.ITestResult)[pri:0, instance:com.ecommerce.test.HomePageTest@3c41ed1d]" started-at="2023-12-22T22:57:50 IST" name="closeApplication" finished-at="2023-12-22T22:57:54 IST" duration-ms="3789" status="PASS">
          <params>
            <param index="0">
              <value>
                <![CDATA[[TestResult name=testHomePage status=SUCCESS method=HomePageTest.testHomePage()[pri:1, instance:com.ecommerce.test.HomePageTest@3c41ed1d] output={null}]]]>
              </value>
            </param>
          </params>
          <reporter-output>
          </reporter-output>
        </test-method> <!-- closeApplication -->
      </class> <!-- com.ecommerce.test.HomePageTest -->
      <class name="com.ecommerce.test.SonyXperiaMobilePageTest">
        <test-method is-config="true" signature="openApplication()[pri:0, instance:com.ecommerce.test.SonyXperiaMobilePageTest@34e9fd99]" started-at="2023-12-22T22:57:00 IST" name="openApplication" finished-at="2023-12-22T22:57:21 IST" duration-ms="21102" status="PASS">
          <reporter-output>
          </reporter-output>
        </test-method> <!-- openApplication -->
        <test-method signature="testSonyXperiaMobilePage()[pri:2, instance:com.ecommerce.test.SonyXperiaMobilePageTest@34e9fd99]" started-at="2023-12-22T22:57:21 IST" name="testSonyXperiaMobilePage" finished-at="2023-12-22T22:57:25 IST" duration-ms="4811" status="PASS">
          <reporter-output>
            <line>
              <![CDATA[PASS : List Price is Equl to Display Price ]]>
            </line>
          </reporter-output>
        </test-method> <!-- testSonyXperiaMobilePage -->
        <test-method is-config="true" signature="closeApplication(org.testng.ITestResult)[pri:0, instance:com.ecommerce.test.SonyXperiaMobilePageTest@34e9fd99]" started-at="2023-12-22T22:57:25 IST" name="closeApplication" finished-at="2023-12-22T22:57:30 IST" duration-ms="4178" status="PASS">
          <params>
            <param index="0">
              <value>
                <![CDATA[[TestResult name=testSonyXperiaMobilePage status=SUCCESS method=SonyXperiaMobilePageTest.testSonyXperiaMobilePage()[pri:2, instance:com.ecommerce.test.SonyXperiaMobilePageTest@34e9fd99] output=PASS : List Price is Equl to Display Price ]]]>
              </value>
            </param>
          </params>
          <reporter-output>
          </reporter-output>
        </test-method> <!-- closeApplication -->
      </class> <!-- com.ecommerce.test.SonyXperiaMobilePageTest -->
    </test> <!-- Default test -->
  </suite> <!-- Default suite -->
</testng-results>
