<?xml version="1.0" encoding="UTF-8"?>
<!-- Generated by org.testng.reporters.JUnitXMLReporter -->
<testsuite ignored="0" hostname="DESKTOP-HJ5KU29" failures="0" tests="3" name="Default test" time="141.23" errors="0" timestamp="2023-12-22T22:57:54 IST">
  <testcase classname="com.ecommerce.test.VerifyErrorMessagePageTest" name="testVerifyMessagePage" time="30.602"/>
  <testcase classname="com.ecommerce.test.SonyXperiaMobilePageTest" name="testSonyXperiaMobilePage" time="4.811"/>
  <testcase classname="com.ecommerce.test.HomePageTest" name="testHomePage" time="3.63"/>
</testsuite> <!-- Default test -->
